<?xml version="1.0" encoding="UTF-8"?>
<testng-results ignored="0" total="1" passed="1" failed="0" skipped="0">
  <reporter-output>
  </reporter-output>
  <suite started-at="2025-01-20T12:25:52 IST" name="Default suite" finished-at="2025-01-20T12:26:29 IST" duration-ms="37389">
    <groups>
    </groups>
    <test started-at="2025-01-20T12:25:52 IST" name="Default test" finished-at="2025-01-20T12:26:29 IST" duration-ms="37389">
      <class name="xpath.MouseAction">
        <test-method is-config="true" signature="init()[pri:0, instance:xpath.MouseAction@188715b5]" started-at="2025-01-20T12:25:52 IST" name="init" finished-at="2025-01-20T12:26:29 IST" duration-ms="36948" status="PASS">
          <reporter-output>
          </reporter-output>
        </test-method> <!-- init -->
        <test-method signature="mouseAction()[pri:0, instance:xpath.MouseAction@188715b5]" started-at="2025-01-20T12:26:29 IST" name="mouseAction" finished-at="2025-01-20T12:26:29 IST" duration-ms="179" status="PASS">
          <reporter-output>
          </reporter-output>
        </test-method> <!-- mouseAction -->
        <test-method is-config="true" signature="tearDown()[pri:0, instance:xpath.MouseAction@188715b5]" started-at="2025-01-20T12:26:29 IST" name="tearDown" finished-at="2025-01-20T12:26:29 IST" duration-ms="223" status="PASS">
          <reporter-output>
          </reporter-output>
        </test-method> <!-- tearDown -->
      </class> <!-- xpath.MouseAction -->
    </test> <!-- Default test -->
  </suite> <!-- Default suite -->
</testng-results>
